SF:lib\core\http\http_service.dart
DA:25,0
DA:32,0
DA:37,0
DA:38,0
DA:42,0
DA:44,0
DA:45,0
DA:46,0
DA:48,0
DA:50,0
DA:51,0
DA:52,0
DA:53,0
DA:54,0
DA:57,0
DA:58,0
DA:59,0
DA:60,0
DA:62,0
DA:63,0
DA:67,0
DA:74,0
LF:22
LH:0
end_of_record
SF:lib\data\datasources\movie_datasource.dart
DA:24,1
DA:30,1
DA:33,2
DA:41,2
DA:43,1
DA:44,3
DA:45,1
DA:51,1
DA:54,2
DA:59,2
DA:61,1
DA:62,3
DA:63,1
DA:69,1
DA:72,2
DA:73,1
DA:80,0
DA:82,1
DA:88,1
DA:91,2
DA:92,1
DA:99,2
DA:101,1
DA:102,3
DA:103,1
DA:109,1
DA:112,2
DA:113,1
DA:120,2
DA:122,1
DA:123,3
DA:124,1
LF:32
LH:31
end_of_record
SF:lib\data\models\cast_model.dart
DA:4,2
DA:8,1
DA:9,2
DA:11,2
DA:12,1
DA:13,1
DA:14,1
LF:7
LH:7
end_of_record
SF:lib\data\models\movie_details_model.dart
DA:4,2
DA:14,1
DA:15,1
DA:16,1
DA:17,1
DA:18,1
DA:19,1
DA:20,1
DA:21,1
DA:22,1
DA:25,1
DA:26,1
DA:27,1
DA:28,1
DA:29,1
DA:30,2
DA:31,1
DA:32,1
DA:33,1
LF:19
LH:19
end_of_record
SF:lib\data\models\movie_model.dart
DA:4,2
DA:13,1
DA:14,1
DA:15,1
DA:16,1
DA:17,1
DA:18,1
DA:19,1
DA:20,1
DA:23,2
DA:24,1
DA:25,2
DA:27,2
DA:28,1
DA:29,1
DA:30,1
LF:16
LH:16
end_of_record
SF:lib\domain\entities\cast_entity.dart
DA:4,2
DA:8,1
DA:9,2
LF:3
LH:3
end_of_record
SF:lib\domain\entities\movie_details_entity.dart
DA:12,2
DA:22,1
DA:23,1
DA:24,1
DA:25,1
DA:26,1
DA:27,1
DA:28,1
DA:29,1
DA:30,1
DA:33,0
DA:35,0
DA:36,0
DA:38,0
LF:14
LH:10
end_of_record
SF:lib\domain\entities\movie_entity.dart
DA:4,2
DA:20,1
DA:21,1
DA:22,1
DA:23,1
DA:24,1
DA:25,1
DA:26,1
DA:27,1
DA:30,0
LF:10
LH:9
end_of_record
SF:lib\core\error\failures.dart
DA:4,2
DA:6,0
DA:7,0
DA:11,2
DA:15,2
LF:5
LH:3
end_of_record
SF:lib\core\network\network_info.dart
DA:12,0
DA:18,0
DA:20,0
LF:3
LH:0
end_of_record
SF:lib\data\repositories\movie_repository_impl.dart
DA:16,1
DA:22,1
DA:25,2
DA:27,2
DA:29,1
DA:30,1
DA:32,1
DA:37,1
DA:40,2
DA:42,2
DA:44,1
DA:45,1
DA:47,1
DA:52,1
DA:57,2
DA:60,2
DA:62,1
DA:63,1
DA:65,1
DA:70,1
DA:75,2
DA:77,2
DA:79,1
DA:80,1
DA:82,1
DA:87,1
DA:92,2
DA:95,2
DA:97,1
DA:98,1
DA:100,1
LF:31
LH:31
end_of_record
SF:lib\core\error\exceptions.dart
DA:4,0
DA:5,0
DA:9,0
LF:3
LH:0
end_of_record
